<?xml version="1.0" encoding="UTF-8"?>
<testsuite xmlns:xsi="http://www.w3.org/2001/XMLSchema-instance" xsi:noNamespaceSchemaLocation="https://maven.apache.org/surefire/maven-surefire-plugin/xsd/surefire-test-report.xsd" name="com.cjet.academy.FreshmanMoveInDayTest" time="0.1" tests="3" errors="0" skipped="0" failures="0">
  <properties>
[...]
</properties>
  <testcase name="testDormroomCheckList" classname="com.cjet.academy.FreshmanMoveInDayTest" time="0.004"/>
  <testcase name="testAddPencils" classname="com.cjet.academy.FreshmanMoveInDayTest" time="0.013"/>
  <testcase name="testCreateBackpack" classname="com.cjet.academy.FreshmanMoveInDayTest" time="0.002"/>
</testsuite>